Arguments: 
  C:\Program Files\nodejs\node.exe C:\Users\carro\AppData\Roaming\npm\node_modules\yarn\bin\yarn.js add bcryptjs dotenv jsonwebtoken react-router-dom socket.io socket.io-client @prisma/client

PATH: 
  C:\Windows\system32;C:\Windows;C:\Windows\System32\Wbem;C:\Windows\System32\WindowsPowerShell\v1.0\;C:\Windows\System32\OpenSSH\;C:\Program Files\PuTTY\;C:\Program Files\Git\cmd;C:\minikube;C:\Users\carro\AppData\Roaming\nvm;C:\Program Files\nodejs;C:\Program Files\Docker\Docker\resources\bin;C:\Users\carro\scoop\shims;C:\Users\carro\AppData\Local\Programs\Python\Python310\Scripts\;C:\Users\carro\AppData\Local\Programs\Python\Python310\;C:\Users\carro\AppData\Local\Microsoft\WindowsApps;C:\Users\carro\AppData\Local\Programs\Microsoft VS Code\bin;C:\Users\carro\AppData\Roaming\npm;C:\Program Files (x86)\Nmap;C:\Users\carro\AppData\Roaming\nvm;C:\Program Files\nodejs

Yarn version: 
  1.22.19

Node version: 
  18.16.1

Platform: 
  win32 x64

Trace: 
  Error: https://registry.yarnpkg.com/vite/-/vite-4.4.9.tgz: Request failed "500 Internal Server Error"
      at ResponseError.ExtendableBuiltin (C:\Users\carro\AppData\Roaming\npm\node_modules\yarn\lib\cli.js:696:66)
      at new ResponseError (C:\Users\carro\AppData\Roaming\npm\node_modules\yarn\lib\cli.js:802:124)
      at Request.<anonymous> (C:\Users\carro\AppData\Roaming\npm\node_modules\yarn\lib\cli.js:66215:16)
      at Request.emit (node:events:513:28)
      at module.exports.Request.onRequestResponse (C:\Users\carro\AppData\Roaming\npm\node_modules\yarn\lib\cli.js:141767:10)
      at ClientRequest.emit (node:events:513:28)
      at HTTPParser.parserOnIncomingClient [as onIncoming] (node:_http_client:701:27)
      at HTTPParser.parserOnHeadersComplete (node:_http_common:119:17)
      at TLSSocket.socketOnData (node:_http_client:542:22)
      at TLSSocket.emit (node:events:513:28)

npm manifest: 
  {
    "name": "test",
    "private": true,
    "version": "0.0.0",
    "type": "module",
    "scripts": {
      "dev": "vite",
      "build": "vite build",
      "lint": "eslint . --ext js,jsx --report-unused-disable-directives --max-warnings 0",
      "preview": "vite preview"
    },
    "dependencies": {
      "react": "^18.2.0",
      "react-dom": "^18.2.0"
    },
    "devDependencies": {
      "@types/react": "^18.2.15",
      "@types/react-dom": "^18.2.7",
      "@vitejs/plugin-react": "^4.0.3",
      "eslint": "^8.45.0",
      "eslint-plugin-react": "^7.32.2",
      "eslint-plugin-react-hooks": "^4.6.0",
      "eslint-plugin-react-refresh": "^0.4.3",
      "vite": "^4.4.5"
    }
  }

yarn manifest: 
  No manifest

Lockfile: 
  No lockfile
